I, [2024-01-27T17:28:33] -- medaka: Start medaka server v1.1.1 ...
I, [2024-01-27T17:30:34] -- medaka: /
I, [2024-01-27T17:30:34] -- medaka: /js/guppy.jpg
I, [2024-01-27T17:30:34] -- medaka: /favicon.ico
I, [2024-01-27T17:31:22] -- medaka: /
I, [2024-01-27T17:31:22] -- medaka: /img/guppy.jpg
I, [2024-01-27T17:32:41] -- medaka: /
I, [2024-01-27T17:32:41] -- medaka: /img/guppy.jpg
I, [2024-01-27T17:32:55] -- medaka: /
I, [2024-01-27T17:32:55] -- medaka: /img/guppy.jpg
I, [2024-01-27T17:34:03] -- medaka: /
I, [2024-01-27T17:34:03] -- medaka: /img/guppy.jpg
I, [2024-01-27T17:34:27] -- medaka: /
I, [2024-01-27T17:34:27] -- medaka: /img/guppy.jpg
I, [2024-01-27T17:34:28] -- medaka: /get_file
I, [2024-01-28T11:08:18] -- medaka: Start medaka server v1.1.1 ...
I, [2024-01-28T11:08:40] -- medaka: /
I, [2024-01-28T11:08:40] -- medaka: /img/guppy.jpg
I, [2024-01-28T11:08:40] -- medaka: /favicon.ico
I, [2024-01-28T11:08:44] -- medaka: /list_files
I, [2024-01-28T11:08:44] -- medaka: /favicon.ico
I, [2024-01-28T11:08:50] -- medaka: /
I, [2024-01-28T11:10:16] -- medaka: Start medaka server v1.1.1 ...
I, [2024-01-28T11:10:19] -- medaka: /list_files
I, [2024-01-28T11:10:19] -- medaka: /favicon.ico
I, [2024-01-28T11:12:22] -- medaka: Start medaka server v1.1.1 ...
I, [2024-01-28T11:12:26] -- medaka: /list_files
I, [2024-01-28T11:12:26] -- medaka: /js/JS365Lib3.js
I, [2024-01-28T11:12:26] -- medaka: /img/guppy.jpg
I, [2024-01-28T11:12:47] -- medaka: /
I, [2024-01-28T11:12:47] -- medaka: /img/guppy.jpg
I, [2024-01-28T11:12:47] -- medaka: /favicon.ico
I, [2024-01-28T11:13:17] -- medaka: Start medaka server v1.1.1 ...
I, [2024-01-28T11:13:21] -- medaka: /list_files
I, [2024-01-28T11:13:21] -- medaka: /js/JS365Lib3.js
I, [2024-01-28T11:13:21] -- medaka: /img/guppy.jpg
I, [2024-01-28T11:13:21] -- medaka: /favicon.ico
I, [2024-01-28T11:13:27] -- medaka: /
I, [2024-01-28T11:43:35] -- medaka: Start medaka server v1.1.1 ...
I, [2024-01-28T11:43:39] -- medaka: /list_files
I, [2024-01-28T11:43:39] -- medaka: /js/JS365Lib3.js
I, [2024-01-28T11:43:39] -- medaka: /img/guppy.jpg
I, [2024-01-28T11:43:39] -- medaka: /favicon.ico
I, [2024-01-28T11:45:11] -- medaka: /list_files
I, [2024-01-28T11:45:11] -- medaka: /js/JS365Lib3.js
I, [2024-01-28T11:45:11] -- medaka: /img/guppy.jpg
I, [2024-01-28T11:50:10] -- medaka: Start medaka server v1.1.1 ...
I, [2024-01-28T11:50:12] -- medaka: /
I, [2024-01-28T11:50:12] -- medaka: /img/guppy.jpg
I, [2024-01-28T11:50:14] -- medaka: /list_files
I, [2024-01-28T11:50:14] -- medaka: /js/JS365Lib3.js
I, [2024-01-28T11:50:14] -- medaka: /img/guppy.jpg
I, [2024-01-28T11:50:25] -- medaka: /list_files
I, [2024-01-28T11:50:25] -- medaka: /js/JS365Lib3.js
I, [2024-01-28T11:50:25] -- medaka: /img/guppy.jpg
I, [2024-01-28T11:55:20] -- medaka: Start medaka server v1.1.1 ...
I, [2024-01-28T11:55:29] -- medaka: /list_files
I, [2024-01-28T11:55:29] -- medaka: /js/JS365Lib3.js
I, [2024-01-28T11:55:29] -- medaka: /img/guppy.jpg
I, [2024-01-28T11:56:09] -- medaka: Start medaka server v1.1.1 ...
I, [2024-01-28T11:56:16] -- medaka: /list_files
I, [2024-01-28T11:56:16] -- medaka: /js/JS365Lib3.js
I, [2024-01-28T11:56:16] -- medaka: /img/guppy.jpg
I, [2024-01-29T11:26:16] -- medaka: Start medaka server v1.2.0 ...
I, [2024-01-29T11:27:31] -- medaka: /
I, [2024-01-29T11:27:32] -- medaka: /img/guppy.jpg
I, [2024-01-29T11:27:32] -- medaka: /favicon.ico
I, [2024-01-29T11:27:36] -- medaka: /get_tarball
I, [2024-01-29T11:27:36] -- medaka: /js/JS365Lib3.js
I, [2024-01-29T11:27:36] -- medaka: /img/guppy.jpg
I, [2024-01-29T11:27:36] -- medaka: /favicon.ico
I, [2024-01-29T11:27:49] -- medaka: /get_tarball
I, [2024-01-29T11:30:05] -- medaka: /
I, [2024-01-29T11:30:05] -- medaka: /img/guppy.jpg
I, [2024-01-29T11:30:05] -- medaka: /favicon.ico
I, [2024-01-29T11:54:24] -- medaka: /
I, [2024-01-29T11:54:24] -- medaka: /img/guppy.jpg
I, [2024-01-29T11:54:24] -- medaka: /favicon.ico
I, [2024-02-12T08:26:20] -- medaka: Start medaka server v1.2.0 ...
I, [2024-02-12T08:26:45] -- medaka: /
I, [2024-02-12T08:26:45] -- medaka: /img/guppy.jpg
I, [2024-02-12T08:26:46] -- medaka: /favicon.ico
I, [2024-02-12T08:26:48] -- medaka: /list_files
I, [2024-02-12T08:26:48] -- medaka: /js/JS365Lib3.js
I, [2024-02-12T08:26:48] -- medaka: /img/guppy.jpg
I, [2024-02-12T08:26:57] -- medaka: /list_files
I, [2024-02-12T08:26:57] -- medaka: /js/JS365Lib3.js
I, [2024-02-12T08:26:57] -- medaka: /img/guppy.jpg
I, [2024-02-12T08:27:08] -- medaka: /list_files
I, [2024-02-12T08:27:08] -- medaka: /js/JS365Lib3.js
I, [2024-02-12T08:27:08] -- medaka: /img/guppy.jpg
I, [2024-02-12T08:27:13] -- medaka: /list_files
I, [2024-02-12T08:27:13] -- medaka: /js/JS365Lib3.js
I, [2024-02-12T08:27:13] -- medaka: /img/guppy.jpg
I, [2024-02-12T08:27:15] -- medaka: /
I, [2024-02-12T08:27:15] -- medaka: /img/guppy.jpg
I, [2024-02-12T08:27:21] -- medaka: /file_upload
I, [2024-02-12T08:27:21] -- medaka: /img/guppy1.jpg
I, [2024-02-12T08:27:38] -- medaka: /file_upload
I, [2024-02-12T08:27:38] -- medaka: /img/guppy1.jpg
I, [2024-02-12T08:31:19] -- medaka: /
I, [2024-02-12T08:31:19] -- medaka: /img/guppy.jpg
I, [2024-02-12T08:31:19] -- medaka: /favicon.ico
I, [2024-02-12T08:31:22] -- medaka: /file_upload
I, [2024-02-12T08:31:22] -- medaka: /img/guppy1.jpg
I, [2024-02-12T08:31:34] -- medaka: /file_upload
I, [2024-02-12T08:31:35] -- medaka: /img/guppy1.jpg
I, [2024-02-12T08:32:06] -- medaka: /
I, [2024-02-12T08:32:06] -- medaka: /img/guppy.jpg
I, [2024-02-12T08:32:07] -- medaka: /multiple_files_upload
I, [2024-02-12T08:44:45] -- medaka: Start medaka server v1.2.1 ...
I, [2024-02-12T09:13:21] -- medaka: Start medaka server v1.2.1 ...
I, [2024-02-12T10:17:25] -- medaka: Start medaka server v1.2.1 ...
I, [2024-02-12T11:29:16] -- medaka: Start medaka server v1.2.1 ...
I, [2024-02-13T03:43:52] -- medaka: Start medaka server v1.2.1 ...
I, [2024-06-14T15:48:00] -- medaka: Start medaka server v1.2.1 ...
I, [2024-06-14T15:49:30] -- medaka: Start medaka server v1.2.1 ...
I, [2024-06-15T06:13:17] -- medaka: Start medaka server v1.2.1 ...
I, [2024-06-16T04:34:11] -- medaka: Start medaka server v1.2.1 ...
